C51 COMPILER V9.60.0.0   PCF8576C                                                          06/23/2022 15:22:22 PAGE 1   


C51 COMPILER V9.60.0.0, COMPILATION OF MODULE PCF8576C
OBJECT MODULE PLACED IN .\Objects\pcf8576c.obj
COMPILER INVOKED BY: D:\Keil_v5_c51\C51\BIN\C51.EXE Bsp\pcf8576c\pcf8576c.c OPTIMIZE(8,SPEED) BROWSE INCDIR(.\Bsp;.\Bsp\
                    -disp_i2c;.\Bsp\pcf8576c) DEBUG OBJECTEXTEND PRINT(.\Listings\pcf8576c.lst) TABS(2) OBJECT(.\Objects\pcf8576c.obj)

line level    source

   1          /*
   2           * pcf8576c.c
   3           *
   4           *  Created on: 2022年4月21日
   5           *      Author: mastergong
   6           */
   7          
   8          
   9          
  10          #include "pcf8576c.h"
  11          
  12          
  13          
  14          /*********************************
  15          函数名称：lcd_pcf8576_on
  16          功能：LCD开启显示
  17          输入：无
  18          输出：无
  19          备注：
  20          *********************************/
  21          void lcd_pcf8576_on(void)
  22          {
  23   1          LCD_WRITE_CMD(LCD_ADDR, LCD_Set_Mode|LCD_Set_Mode_E|LCD_NEXT_CMD);
  24   1      }
  25          
  26          /*********************************
  27          函数名称：lcd_pcf8576_off
  28          功能：LCD关闭显示
  29          输入：无
  30          输出：无
  31          备注：
  32          *********************************/
  33          void lcd_pcf8576_off(void)
  34          {
  35   1          LCD_WRITE_CMD(LCD_ADDR, LCD_Set_Mode|LCD_NEXT_CMD);
  36   1      }
  37          
  38          /*********************************
  39          函数名称：pcf8576_init
  40          功能：LCD初始化
  41          输入：无
  42          输出：无
  43          备注：
  44          *********************************/
  45          void lcd_pcf8576_init(void)
  46          {
  47   1      
  48   1              LCD_WRITE_CMD(LCD_ADDR, LCD_Select_Device|0|LCD_NEXT_CMD);         //选择设备地址
  49   1              LCD_WRITE_CMD(LCD_ADDR, LCD_Set_Mode|LCD_Set_Mode_E|LCD_NEXT_CMD); //设置模式
  50   1      }
  51          
  52          
  53          

C51 COMPILER V9.60.0.0   PCF8576C                                                          06/23/2022 15:22:22 PAGE 2   


MODULE INFORMATION:   STATIC OVERLAYABLE
   CODE SIZE        =     28    ----
   CONSTANT SIZE    =   ----    ----
   XDATA SIZE       =   ----    ----
   PDATA SIZE       =   ----    ----
   DATA SIZE        =   ----    ----
   IDATA SIZE       =   ----    ----
   BIT SIZE         =   ----    ----
END OF MODULE INFORMATION.


C51 COMPILATION COMPLETE.  0 WARNING(S),  0 ERROR(S)
